<?xml version="1.0" encoding="UTF-8"?>
<testng-results ignored="0" total="1" passed="1" failed="0" skipped="0">
  <reporter-output>
  </reporter-output>
  <suite started-at="2023-10-27T10:19:18 IST" name="Default suite" finished-at="2023-10-27T10:19:32 IST" duration-ms="14127">
    <groups>
    </groups>
    <test started-at="2023-10-27T10:19:18 IST" name="Default test" finished-at="2023-10-27T10:19:32 IST" duration-ms="14127">
      <class name="testngpractice.TestNGPractice2">
        <test-method is-config="true" signature="beforeTest()[pri:0, instance:testngpractice.TestNGPractice2@121314f7]" started-at="2023-10-27T10:19:18 IST" name="beforeTest" finished-at="2023-10-27T10:19:21 IST" duration-ms="3053" status="PASS">
          <reporter-output>
          </reporter-output>
        </test-method> <!-- beforeTest -->
        <test-method signature="selenium()[pri:0, instance:testngpractice.TestNGPractice2@121314f7]" started-at="2023-10-27T10:19:21 IST" name="selenium" finished-at="2023-10-27T10:19:32 IST" duration-ms="11031" status="PASS">
          <reporter-output>
          </reporter-output>
        </test-method> <!-- selenium -->
      </class> <!-- testngpractice.TestNGPractice2 -->
    </test> <!-- Default test -->
  </suite> <!-- Default suite -->
</testng-results>
